<?xml version="1.0" encoding="UTF-8"?>
<testng-results ignored="0" total="1" passed="1" failed="0" skipped="0">
  <reporter-output>
  </reporter-output>
  <suite started-at="2025-02-23T07:18:32 IST" name="Suite" finished-at="2025-02-23T07:18:36 IST" duration-ms="3934">
    <groups>
    </groups>
    <test started-at="2025-02-23T07:18:32 IST" name="Test" finished-at="2025-02-23T07:18:36 IST" duration-ms="3934">
      <class name="api.test.GetProjectsTest">
        <test-method is-config="true" signature="setup()[pri:0, instance:api.test.GetProjectsTest@1349883]" started-at="2025-02-23T07:18:32 IST" name="setup" finished-at="2025-02-23T07:18:33 IST" duration-ms="590" status="PASS">
          <reporter-output>
          </reporter-output>
        </test-method> <!-- setup -->
        <test-method signature="getProjectsDetail()[pri:1, instance:api.test.GetProjectsTest@1349883]" started-at="2025-02-23T07:18:33 IST" name="getProjectsDetail" finished-at="2025-02-23T07:18:36 IST" duration-ms="3117" status="PASS">
          <reporter-output>
          </reporter-output>
        </test-method> <!-- getProjectsDetail -->
      </class> <!-- api.test.GetProjectsTest -->
    </test> <!-- Test -->
  </suite> <!-- Suite -->
</testng-results>
