<?xml version="1.0" encoding="UTF-8"?>
<testng-results ignored="0" total="1" passed="1" failed="0" skipped="0">
  <reporter-output>
  </reporter-output>
  <suite started-at="2025-02-24T19:16:57 IST" name="Suite" finished-at="2025-02-24T19:17:02 IST" duration-ms="5187">
    <groups>
    </groups>
    <test started-at="2025-02-24T19:16:57 IST" name="Test" finished-at="2025-02-24T19:17:02 IST" duration-ms="5187">
      <class name="api.test.GetProjectsTest">
        <test-method is-config="true" signature="setup()[pri:0, instance:api.test.GetProjectsTest@1349883]" started-at="2025-02-24T19:16:57 IST" name="setup" finished-at="2025-02-24T19:16:58 IST" duration-ms="892" status="PASS">
          <reporter-output>
          </reporter-output>
        </test-method> <!-- setup -->
        <test-method signature="getProjectsDetail()[pri:1, instance:api.test.GetProjectsTest@1349883]" started-at="2025-02-24T19:16:58 IST" name="getProjectsDetail" finished-at="2025-02-24T19:17:02 IST" duration-ms="3956" status="PASS">
          <reporter-output>
          </reporter-output>
        </test-method> <!-- getProjectsDetail -->
      </class> <!-- api.test.GetProjectsTest -->
    </test> <!-- Test -->
  </suite> <!-- Suite -->
</testng-results>
