<?xml version="1.0" encoding="UTF-8"?>
<testng-results ignored="0" total="1" passed="1" failed="0" skipped="0">
  <reporter-output>
  </reporter-output>
  <suite started-at="2025-02-22T20:15:01 IST" name="Suite" finished-at="2025-02-22T20:15:04 IST" duration-ms="3868">
    <groups>
    </groups>
    <test started-at="2025-02-22T20:15:01 IST" name="Test" finished-at="2025-02-22T20:15:04 IST" duration-ms="3868">
      <class name="api.test.GetProjectsTest">
        <test-method is-config="true" signature="setup()[pri:0, instance:api.test.GetProjectsTest@5b7a7f33]" started-at="2025-02-22T20:15:01 IST" name="setup" finished-at="2025-02-22T20:15:01 IST" duration-ms="438" status="PASS">
          <reporter-output>
          </reporter-output>
        </test-method> <!-- setup -->
        <test-method signature="getProjectsDetail()[pri:1, instance:api.test.GetProjectsTest@5b7a7f33]" started-at="2025-02-22T20:15:01 IST" name="getProjectsDetail" finished-at="2025-02-22T20:15:04 IST" duration-ms="3223" status="PASS">
          <reporter-output>
          </reporter-output>
        </test-method> <!-- getProjectsDetail -->
      </class> <!-- api.test.GetProjectsTest -->
    </test> <!-- Test -->
  </suite> <!-- Suite -->
</testng-results>
