<?xml version="1.0" encoding="UTF-8"?>
<testng-results ignored="0" total="1" passed="1" failed="0" skipped="0">
  <reporter-output>
  </reporter-output>
  <suite started-at="2025-02-25T12:28:16 IST" name="Default suite" finished-at="2025-02-25T12:28:21 IST" duration-ms="4665">
    <groups>
    </groups>
    <test started-at="2025-02-25T12:28:16 IST" name="Default test" finished-at="2025-02-25T12:28:21 IST" duration-ms="4665">
      <class name="api.test.GetProjectsTest">
        <test-method is-config="true" signature="setup()[pri:0, instance:api.test.GetProjectsTest@790da477]" started-at="2025-02-25T12:28:16 IST" name="setup" finished-at="2025-02-25T12:28:17 IST" duration-ms="595" status="PASS">
          <reporter-output>
          </reporter-output>
        </test-method> <!-- setup -->
        <test-method signature="getProjectsDetail()[pri:1, instance:api.test.GetProjectsTest@790da477]" started-at="2025-02-25T12:28:17 IST" name="getProjectsDetail" finished-at="2025-02-25T12:28:21 IST" duration-ms="4024" status="PASS">
          <reporter-output>
          </reporter-output>
        </test-method> <!-- getProjectsDetail -->
      </class> <!-- api.test.GetProjectsTest -->
    </test> <!-- Default test -->
  </suite> <!-- Default suite -->
</testng-results>
